DS/app/build/intermediates/manifest_merge_blame_file/debug/manifest-merger-blame-debug-report.txt
1<?xml version="1.0" encoding="utf-8"?>
2<manifest xmlns:android="http://schemas.android.com/apk/res/android"
3    package="com.acro.soonda"
4    android:versionCode="1"
5    android:versionName="1.0.0" >
6
7    <uses-sdk
8        android:minSdkVersion="22"
8-->src/main/AndroidManifest.xml
9        android:targetSdkVersion="28" />
9-->src/main/AndroidManifest.xml
10
11    <uses-permission android:name="android.permission.INTERNET" />
11-->src/main/AndroidManifest.xml:6:5-67
11-->src/main/AndroidManifest.xml:6:22-64
12    <uses-permission android:name="android.permission.READ_EXTERNAL_STORAGE" />
12-->src/main/AndroidManifest.xml:7:5-80
12-->src/main/AndroidManifest.xml:7:22-77
13    <uses-permission android:name="android.permission.WRITE_EXTERNAL_STORAGE" />
13-->src/main/AndroidManifest.xml:8:5-81
13-->src/main/AndroidManifest.xml:8:22-78
14
15    <application
15-->src/main/AndroidManifest.xml:10:5-48:19
16        android:name="com.ds.soonda.application.App"
16-->src/main/AndroidManifest.xml:11:9-40
17        android:allowBackup="true"
17-->src/main/AndroidManifest.xml:12:9-35
18        android:appComponentFactory="androidx.core.app.CoreComponentFactory"
18-->[androidx.core:core:1.6.0] AndroidManifest.xml:24:18-86
19        android:debuggable="true"
20        android:fullBackupContent="@xml/backup_rules"
20-->src/main/AndroidManifest.xml:13:9-54
21        android:icon="@mipmap/ic_launcher"
21-->src/main/AndroidManifest.xml:14:9-43
22        android:label="@string/app_name"
22-->src/main/AndroidManifest.xml:15:9-41
23        android:roundIcon="@mipmap/ic_launcher_round"
23-->src/main/AndroidManifest.xml:16:9-54
24        android:supportsRtl="true"
24-->src/main/AndroidManifest.xml:17:9-35
25        android:theme="@style/Theme.AppCompat.Light.NoActionBar" >
25-->src/main/AndroidManifest.xml:18:9-65
26        <activity
26-->src/main/AndroidManifest.xml:20:9-30:20
27            android:name="com.ds.soonda.ui.IntroActivity"
27-->src/main/AndroidManifest.xml:21:13-45
28            android:exported="true"
28-->src/main/AndroidManifest.xml:22:13-36
29            android:screenOrientation="portrait" >
29-->src/main/AndroidManifest.xml:23:13-49
30            <intent-filter>
30-->src/main/AndroidManifest.xml:25:13-29:29
31                <action android:name="android.intent.action.MAIN" />
31-->src/main/AndroidManifest.xml:26:17-69
31-->src/main/AndroidManifest.xml:26:25-66
32
33                <category android:name="android.intent.category.LAUNCHER" />
33-->src/main/AndroidManifest.xml:28:17-77
33-->src/main/AndroidManifest.xml:28:27-74
34            </intent-filter>
35        </activity>
36        <activity
36-->src/main/AndroidManifest.xml:32:9-36:56
37            android:name="com.ds.soonda.ui.AdMainActivity"
37-->src/main/AndroidManifest.xml:33:13-46
38            android:exported="false"
38-->src/main/AndroidManifest.xml:34:13-37
39            android:screenOrientation="portrait" />
39-->src/main/AndroidManifest.xml:35:13-49
40        <activity
40-->src/main/AndroidManifest.xml:38:9-41:52
41            android:name="com.ds.soonda.ui.DeviceAuthActivity"
41-->src/main/AndroidManifest.xml:39:13-50
42            android:exported="false"
42-->src/main/AndroidManifest.xml:40:13-37
43            android:screenOrientation="portrait" />
43-->src/main/AndroidManifest.xml:41:13-49
44        <activity
44-->src/main/AndroidManifest.xml:43:9-46:52
45            android:name="com.ds.soonda.ui.DownloadContentsActivity"
45-->src/main/AndroidManifest.xml:44:13-56
46            android:exported="false"
46-->src/main/AndroidManifest.xml:45:13-37
47            android:screenOrientation="portrait" />
47-->src/main/AndroidManifest.xml:46:13-49
48
49        <provider
49-->[androidx.lifecycle:lifecycle-process:2.2.0] AndroidManifest.xml:25:9-29:43
50            android:name="androidx.lifecycle.ProcessLifecycleOwnerInitializer"
50-->[androidx.lifecycle:lifecycle-process:2.2.0] AndroidManifest.xml:26:13-79
51            android:authorities="com.acro.soonda.lifecycle-process"
51-->[androidx.lifecycle:lifecycle-process:2.2.0] AndroidManifest.xml:27:13-69
52            android:exported="false"
52-->[androidx.lifecycle:lifecycle-process:2.2.0] AndroidManifest.xml:28:13-37
53            android:multiprocess="true" />
53-->[androidx.lifecycle:lifecycle-process:2.2.0] AndroidManifest.xml:29:13-40
54    </application>
55
56</manifest>